# JRE version: OpenJDK Runtime Environment Temurin-26.0.1+8 (26.0.1+8) (build 26.0.1+8)
# Java VM: OpenJDK 64-Bit Server VM Temurin-26.0.1+8 (26.0.1+8, mixed mode, emulated-client, sharing, tiered, compressed oops, compressed class ptrs, g1 gc, windows-amd64)
GC Precious Log:
 CardTable entry size: 512
 Card Set container configuration: InlinePtr #cards 4 size 8 Array Of Cards #cards 16 size 48 Howl #buckets 8 coarsen threshold 3686 Howl Bitmap #cards 512 size 80 coarsen threshold 460 Card regions per heap region 1 cards per card region 4096
 CPUs: 8 total, 8 available
 Memory: 16112M
 Large Page Support: Disabled
 NUMA Support: Disabled
 Compressed Oops: Enabled (Zero based)
 Heap Region Size: 2M
 Heap Min Capacity: 8M
 Heap Initial Capacity: 8M
 Heap Max Capacity: 4030M
 Pre-touch: Disabled
 Parallel Workers: 8
 Concurrent Workers: 2
 Concurrent Refinement Workers: 8
 Periodic GC: Disabled
Heap:
 garbage-first heap   total reserved 4126720K, committed 36864K, used 13626K [0x0000000704200000, 0x0000000800000000)
  region size 2M, 0 eden (0M), 1 survivor (2M), 7 old (14M), 0 humongous (0M), 10 free (20M)
GC Heap Usage History (15 events):
Event: 0.177 {heap Before GC invocations=0 (full 0):
 garbage-first heap   total reserved 4126720K, committed 10240K, used 3222K [0x0000000704200000, 0x0000000800000000)
  region size 2M, 2 eden (4M), 0 survivor (0M), 1 old (2M), 0 humongous (0M), 2 free (4M)
}
Event: 0.180 {heap After GC invocations=1 (full 0):
 garbage-first heap   total reserved 4126720K, committed 10240K, used 3350K [0x0000000704200000, 0x0000000800000000)
  region size 2M, 0 eden (0M), 1 survivor (2M), 2 old (4M), 0 humongous (0M), 2 free (4M)
}
Event: 0.209 {heap Before GC invocations=1 (full 0):
 garbage-first heap   total reserved 4126720K, committed 10240K, used 5398K [0x0000000704200000, 0x0000000800000000)
  region size 2M, 1 eden (2M), 1 survivor (2M), 2 old (4M), 0 humongous (0M), 1 free (2M)
}
Event: 0.212 {heap After GC invocations=2 (full 0):
 garbage-first heap   total reserved 4126720K, committed 12288K, used 5123K [0x0000000704200000, 0x0000000800000000)
  region size 2M, 0 eden (0M), 1 survivor (2M), 3 old (6M), 0 humongous (0M), 2 free (4M)
}
Event: 0.237 {heap Before GC invocations=2 (full 0):
 garbage-first heap   total reserved 4126720K, committed 12288K, used 7171K [0x0000000704200000, 0x0000000800000000)
  region size 2M, 1 eden (2M), 1 survivor (2M), 3 old (6M), 0 humongous (0M), 1 free (2M)
}
Event: 0.238 {heap After GC invocations=3 (full 0):
 garbage-first heap   total reserved 4126720K, committed 36864K, used 6948K [0x0000000704200000, 0x0000000800000000)
  region size 2M, 0 eden (0M), 1 survivor (2M), 3 old (6M), 0 humongous (0M), 14 free (28M)
}
Event: 0.469 {heap Before GC invocations=3 (full 0):
 garbage-first heap   total reserved 4126720K, committed 36864K, used 15140K [0x0000000704200000, 0x0000000800000000)
  region size 2M, 5 eden (10M), 1 survivor (2M), 3 old (6M), 0 humongous (0M), 9 free (18M)
}
Event: 0.472 {heap After GC invocations=4 (full 0):
 garbage-first heap   total reserved 4126720K, committed 36864K, used 10275K [0x0000000704200000, 0x0000000800000000)
  region size 2M, 0 eden (0M), 1 survivor (2M), 5 old (10M), 0 humongous (0M), 12 free (24M)
}
Event: 0.727 {heap Before GC invocations=4 (full 0):
 garbage-first heap   total reserved 4126720K, committed 36864K, used 18467K [0x0000000704200000, 0x0000000800000000)
  region size 2M, 4 eden (8M), 1 survivor (2M), 5 old (10M), 0 humongous (0M), 8 free (16M)
}
Event: 0.730 {heap After GC invocations=5 (full 0):
 garbage-first heap   total reserved 4126720K, committed 36864K, used 11331K [0x0000000704200000, 0x0000000800000000)
  region size 2M, 0 eden (0M), 1 survivor (2M), 6 old (12M), 0 humongous (0M), 11 free (22M)
}
Event: 0.862 {heap Before GC invocations=5 (full 0):
 garbage-first heap   total reserved 4126720K, committed 36864K, used 19523K [0x0000000704200000, 0x0000000800000000)
  region size 2M, 4 eden (8M), 1 survivor (2M), 6 old (12M), 0 humongous (0M), 7 free (14M)
}
Event: 0.865 {heap After GC invocations=6 (full 0):
 garbage-first heap   total reserved 4126720K, committed 36864K, used 12186K [0x0000000704200000, 0x0000000800000000)
  region size 2M, 0 eden (0M), 1 survivor (2M), 6 old (12M), 0 humongous (0M), 11 free (22M)
}
Event: 1.012 {heap Before GC invocations=6 (full 0):
 garbage-first heap   total reserved 4126720K, committed 36864K, used 22426K [0x0000000704200000, 0x0000000800000000)
  region size 2M, 5 eden (10M), 1 survivor (2M), 6 old (12M), 0 humongous (0M), 6 free (12M)
}
Event: 1.014 {heap After GC invocations=7 (full 0):
 garbage-first heap   total reserved 4126720K, committed 36864K, used 12729K [0x0000000704200000, 0x0000000800000000)
  region size 2M, 0 eden (0M), 1 survivor (2M), 6 old (12M), 0 humongous (0M), 11 free (22M)
}
Event: 1.168 {heap Before GC invocations=7 (full 0):
 garbage-first heap   total reserved 4126720K, committed 36864K, used 22969K [0x0000000704200000, 0x0000000800000000)
  region size 2M, 5 eden (10M), 1 survivor (2M), 6 old (12M), 0 humongous (0M), 6 free (12M)
}

